1765505263.988880 client started (23740): version 3.6, socket /tmp/tmux-1000/default, protocol 8
1765505263.988908 on Linux 6.8.0-88-generic #89~22.04.2-Ubuntu SMP PREEMPT_DYNAMIC Wed Oct 29 10:45:25 UTC 2
1765505263.988914 using libevent 2.1.12-stable poll
1765505263.988917 using ncurses 6.3 20211021
1765505263.988936 flags are 0x10010000
1765505263.988939 socket is /tmp/tmux-1000/default
1765505263.988952 trying connect
1765505263.988985 add peer 0x64491f7b11c0: 6 ((nil))
1765505263.989408 sending message 111 to peer 0x64491f7b11c0 (8 bytes)
1765505263.989417 sending message 111 to peer 0x64491f7b11c0 (8 bytes)
1765505263.989422 sending message 101 to peer 0x64491f7b11c0 (14 bytes)
1765505263.989425 sending message 109 to peer 0x64491f7b11c0 (4 bytes)
1765505263.989429 sending message 102 to peer 0x64491f7b11c0 (11 bytes)
1765505263.989433 sending message 108 to peer 0x64491f7b11c0 (23 bytes)
1765505263.989436 sending message 112 to peer 0x64491f7b11c0 (70 bytes)
1765505263.989440 sending message 112 to peer 0x64491f7b11c0 (5 bytes)
1765505263.989444 sending message 112 to peer 0x64491f7b11c0 (5 bytes)
1765505263.989447 sending message 112 to peer 0x64491f7b11c0 (6 bytes)
1765505263.989450 sending message 112 to peer 0x64491f7b11c0 (6 bytes)
1765505263.989453 sending message 112 to peer 0x64491f7b11c0 (11 bytes)
1765505263.989457 sending message 112 to peer 0x64491f7b11c0 (10 bytes)
1765505263.989460 sending message 112 to peer 0x64491f7b11c0 (13 bytes)
1765505263.989463 sending message 112 to peer 0x64491f7b11c0 (13 bytes)
1765505263.989466 sending message 112 to peer 0x64491f7b11c0 (18 bytes)
1765505263.989469 sending message 112 to peer 0x64491f7b11c0 (11 bytes)
1765505263.989473 sending message 112 to peer 0x64491f7b11c0 (10 bytes)
1765505263.989476 sending message 112 to peer 0x64491f7b11c0 (15 bytes)
1765505263.989479 sending message 112 to peer 0x64491f7b11c0 (21 bytes)
1765505263.989482 sending message 112 to peer 0x64491f7b11c0 (13 bytes)
1765505263.989486 sending message 112 to peer 0x64491f7b11c0 (7 bytes)
1765505263.989489 sending message 112 to peer 0x64491f7b11c0 (13 bytes)
1765505263.989492 sending message 112 to peer 0x64491f7b11c0 (7 bytes)
1765505263.989495 sending message 112 to peer 0x64491f7b11c0 (13 bytes)
1765505263.989498 sending message 112 to peer 0x64491f7b11c0 (9 bytes)
1765505263.989501 sending message 112 to peer 0x64491f7b11c0 (21 bytes)
1765505263.989504 sending message 112 to peer 0x64491f7b11c0 (13 bytes)
1765505263.989507 sending message 112 to peer 0x64491f7b11c0 (8 bytes)
1765505263.989510 sending message 112 to peer 0x64491f7b11c0 (12 bytes)
1765505263.989514 sending message 112 to peer 0x64491f7b11c0 (13 bytes)
1765505263.989517 sending message 112 to peer 0x64491f7b11c0 (9 bytes)
1765505263.989520 sending message 112 to peer 0x64491f7b11c0 (9 bytes)
1765505263.989523 sending message 112 to peer 0x64491f7b11c0 (12 bytes)
1765505263.989526 sending message 112 to peer 0x64491f7b11c0 (8 bytes)
1765505263.989529 sending message 112 to peer 0x64491f7b11c0 (8 bytes)
1765505263.989532 sending message 112 to peer 0x64491f7b11c0 (7 bytes)
1765505263.989535 sending message 112 to peer 0x64491f7b11c0 (7 bytes)
1765505263.989538 sending message 112 to peer 0x64491f7b11c0 (9 bytes)
1765505263.989541 sending message 112 to peer 0x64491f7b11c0 (13 bytes)
1765505263.989544 sending message 112 to peer 0x64491f7b11c0 (6 bytes)
1765505263.989547 sending message 112 to peer 0x64491f7b11c0 (9 bytes)
1765505263.989550 sending message 112 to peer 0x64491f7b11c0 (15 bytes)
1765505263.989553 sending message 112 to peer 0x64491f7b11c0 (13 bytes)
1765505263.989557 sending message 112 to peer 0x64491f7b11c0 (12 bytes)
1765505263.989560 sending message 112 to peer 0x64491f7b11c0 (8 bytes)
1765505263.989563 sending message 112 to peer 0x64491f7b11c0 (14 bytes)
1765505263.989566 sending message 112 to peer 0x64491f7b11c0 (11 bytes)
1765505263.989569 sending message 112 to peer 0x64491f7b11c0 (9 bytes)
1765505263.989572 sending message 112 to peer 0x64491f7b11c0 (10 bytes)
1765505263.989575 sending message 112 to peer 0x64491f7b11c0 (10 bytes)
1765505263.989584 sending message 112 to peer 0x64491f7b11c0 (10 bytes)
1765505263.989588 sending message 112 to peer 0x64491f7b11c0 (10 bytes)
1765505263.989591 sending message 112 to peer 0x64491f7b11c0 (11 bytes)
1765505263.989594 sending message 112 to peer 0x64491f7b11c0 (12 bytes)
1765505263.989597 sending message 112 to peer 0x64491f7b11c0 (12 bytes)
1765505263.989600 sending message 112 to peer 0x64491f7b11c0 (12 bytes)
1765505263.989603 sending message 112 to peer 0x64491f7b11c0 (12 bytes)
1765505263.989606 sending message 112 to peer 0x64491f7b11c0 (12 bytes)
1765505263.989609 sending message 112 to peer 0x64491f7b11c0 (11 bytes)
1765505263.989612 sending message 112 to peer 0x64491f7b11c0 (11 bytes)
1765505263.989615 sending message 112 to peer 0x64491f7b11c0 (12 bytes)
1765505263.989618 sending message 112 to peer 0x64491f7b11c0 (12 bytes)
1765505263.989622 sending message 112 to peer 0x64491f7b11c0 (12 bytes)
1765505263.989625 sending message 112 to peer 0x64491f7b11c0 (12 bytes)
1765505263.989628 sending message 112 to peer 0x64491f7b11c0 (12 bytes)
1765505263.989631 sending message 112 to peer 0x64491f7b11c0 (10 bytes)
1765505263.989634 sending message 112 to peer 0x64491f7b11c0 (12 bytes)
1765505263.989637 sending message 112 to peer 0x64491f7b11c0 (13 bytes)
1765505263.989640 sending message 112 to peer 0x64491f7b11c0 (13 bytes)
1765505263.989643 sending message 112 to peer 0x64491f7b11c0 (13 bytes)
1765505263.989646 sending message 112 to peer 0x64491f7b11c0 (13 bytes)
1765505263.989649 sending message 112 to peer 0x64491f7b11c0 (13 bytes)
1765505263.989652 sending message 112 to peer 0x64491f7b11c0 (8 bytes)
1765505263.989655 sending message 112 to peer 0x64491f7b11c0 (11 bytes)
1765505263.989658 sending message 112 to peer 0x64491f7b11c0 (11 bytes)
1765505263.989661 sending message 112 to peer 0x64491f7b11c0 (11 bytes)
1765505263.989664 sending message 112 to peer 0x64491f7b11c0 (12 bytes)
1765505263.989667 sending message 112 to peer 0x64491f7b11c0 (12 bytes)
1765505263.989670 sending message 112 to peer 0x64491f7b11c0 (12 bytes)
1765505263.989673 sending message 112 to peer 0x64491f7b11c0 (12 bytes)
1765505263.989676 sending message 112 to peer 0x64491f7b11c0 (13 bytes)
1765505263.989679 sending message 112 to peer 0x64491f7b11c0 (13 bytes)
1765505263.989682 sending message 112 to peer 0x64491f7b11c0 (13 bytes)
1765505263.989685 sending message 112 to peer 0x64491f7b11c0 (8 bytes)
1765505263.989688 sending message 112 to peer 0x64491f7b11c0 (13 bytes)
1765505263.989692 sending message 112 to peer 0x64491f7b11c0 (13 bytes)
1765505263.989695 sending message 112 to peer 0x64491f7b11c0 (13 bytes)
1765505263.989698 sending message 112 to peer 0x64491f7b11c0 (13 bytes)
1765505263.989701 sending message 112 to peer 0x64491f7b11c0 (13 bytes)
1765505263.989705 sending message 112 to peer 0x64491f7b11c0 (12 bytes)
1765505263.989708 sending message 112 to peer 0x64491f7b11c0 (12 bytes)
1765505263.989711 sending message 112 to peer 0x64491f7b11c0 (12 bytes)
1765505263.989714 sending message 112 to peer 0x64491f7b11c0 (12 bytes)
1765505263.989717 sending message 112 to peer 0x64491f7b11c0 (13 bytes)
1765505263.989720 sending message 112 to peer 0x64491f7b11c0 (8 bytes)
1765505263.989723 sending message 112 to peer 0x64491f7b11c0 (13 bytes)
1765505263.989726 sending message 112 to peer 0x64491f7b11c0 (13 bytes)
1765505263.989729 sending message 112 to peer 0x64491f7b11c0 (13 bytes)
1765505263.989732 sending message 112 to peer 0x64491f7b11c0 (13 bytes)
1765505263.989736 sending message 112 to peer 0x64491f7b11c0 (13 bytes)
1765505263.989739 sending message 112 to peer 0x64491f7b11c0 (13 bytes)
1765505263.989742 sending message 112 to peer 0x64491f7b11c0 (13 bytes)
1765505263.989745 sending message 112 to peer 0x64491f7b11c0 (12 bytes)
1765505263.989748 sending message 112 to peer 0x64491f7b11c0 (12 bytes)
1765505263.989751 sending message 112 to peer 0x64491f7b11c0 (12 bytes)
1765505263.989754 sending message 112 to peer 0x64491f7b11c0 (8 bytes)
1765505263.989757 sending message 112 to peer 0x64491f7b11c0 (12 bytes)
1765505263.989766 sending message 112 to peer 0x64491f7b11c0 (13 bytes)
1765505263.989770 sending message 112 to peer 0x64491f7b11c0 (13 bytes)
1765505263.989773 sending message 112 to peer 0x64491f7b11c0 (13 bytes)
1765505263.989776 sending message 112 to peer 0x64491f7b11c0 (13 bytes)
1765505263.989779 sending message 112 to peer 0x64491f7b11c0 (13 bytes)
1765505263.989782 sending message 112 to peer 0x64491f7b11c0 (13 bytes)
1765505263.989785 sending message 112 to peer 0x64491f7b11c0 (13 bytes)
1765505263.989788 sending message 112 to peer 0x64491f7b11c0 (13 bytes)
1765505263.989791 sending message 112 to peer 0x64491f7b11c0 (12 bytes)
1765505263.989795 sending message 112 to peer 0x64491f7b11c0 (10 bytes)
1765505263.989798 sending message 112 to peer 0x64491f7b11c0 (12 bytes)
1765505263.989801 sending message 112 to peer 0x64491f7b11c0 (12 bytes)
1765505263.989804 sending message 112 to peer 0x64491f7b11c0 (12 bytes)
1765505263.989807 sending message 112 to peer 0x64491f7b11c0 (13 bytes)
1765505263.989810 sending message 112 to peer 0x64491f7b11c0 (13 bytes)
1765505263.989813 sending message 112 to peer 0x64491f7b11c0 (13 bytes)
1765505263.989816 sending message 112 to peer 0x64491f7b11c0 (13 bytes)
1765505263.989819 sending message 112 to peer 0x64491f7b11c0 (13 bytes)
1765505263.989822 sending message 112 to peer 0x64491f7b11c0 (13 bytes)
1765505263.989826 sending message 112 to peer 0x64491f7b11c0 (13 bytes)
1765505263.989829 sending message 112 to peer 0x64491f7b11c0 (10 bytes)
1765505263.989832 sending message 112 to peer 0x64491f7b11c0 (13 bytes)
1765505263.989835 sending message 112 to peer 0x64491f7b11c0 (12 bytes)
1765505263.989838 sending message 112 to peer 0x64491f7b11c0 (12 bytes)
1765505263.989841 sending message 112 to peer 0x64491f7b11c0 (12 bytes)
1765505263.989844 sending message 112 to peer 0x64491f7b11c0 (10 bytes)
1765505263.989848 sending message 112 to peer 0x64491f7b11c0 (10 bytes)
1765505263.989851 sending message 112 to peer 0x64491f7b11c0 (10 bytes)
1765505263.989854 sending message 112 to peer 0x64491f7b11c0 (12 bytes)
1765505263.989857 sending message 112 to peer 0x64491f7b11c0 (13 bytes)
1765505263.989860 sending message 112 to peer 0x64491f7b11c0 (13 bytes)
1765505263.989863 sending message 112 to peer 0x64491f7b11c0 (13 bytes)
1765505263.989866 sending message 112 to peer 0x64491f7b11c0 (13 bytes)
1765505263.989870 sending message 112 to peer 0x64491f7b11c0 (13 bytes)
1765505263.989873 sending message 112 to peer 0x64491f7b11c0 (11 bytes)
1765505263.989876 sending message 112 to peer 0x64491f7b11c0 (11 bytes)
1765505263.989879 sending message 112 to peer 0x64491f7b11c0 (12 bytes)
1765505263.989882 sending message 112 to peer 0x64491f7b11c0 (12 bytes)
1765505263.989885 sending message 112 to peer 0x64491f7b11c0 (12 bytes)
1765505263.989888 sending message 112 to peer 0x64491f7b11c0 (12 bytes)
1765505263.989891 sending message 112 to peer 0x64491f7b11c0 (12 bytes)
1765505263.989894 sending message 112 to peer 0x64491f7b11c0 (11 bytes)
1765505263.989897 sending message 112 to peer 0x64491f7b11c0 (12 bytes)
1765505263.989901 sending message 112 to peer 0x64491f7b11c0 (12 bytes)
1765505263.989904 sending message 112 to peer 0x64491f7b11c0 (13 bytes)
1765505263.989907 sending message 112 to peer 0x64491f7b11c0 (13 bytes)
1765505263.989910 sending message 112 to peer 0x64491f7b11c0 (13 bytes)
1765505263.989913 sending message 112 to peer 0x64491f7b11c0 (13 bytes)
1765505263.989916 sending message 112 to peer 0x64491f7b11c0 (13 bytes)
1765505263.989919 sending message 112 to peer 0x64491f7b11c0 (10 bytes)
1765505263.989922 sending message 112 to peer 0x64491f7b11c0 (9 bytes)
1765505263.989925 sending message 112 to peer 0x64491f7b11c0 (12 bytes)
1765505263.989928 sending message 112 to peer 0x64491f7b11c0 (13 bytes)
1765505263.989931 sending message 112 to peer 0x64491f7b11c0 (13 bytes)
1765505263.989934 sending message 112 to peer 0x64491f7b11c0 (13 bytes)
1765505263.989937 sending message 112 to peer 0x64491f7b11c0 (13 bytes)
1765505263.989940 sending message 112 to peer 0x64491f7b11c0 (13 bytes)
1765505263.989947 sending message 112 to peer 0x64491f7b11c0 (9 bytes)
1765505263.989950 sending message 112 to peer 0x64491f7b11c0 (12 bytes)
1765505263.989953 sending message 112 to peer 0x64491f7b11c0 (13 bytes)
1765505263.989956 sending message 112 to peer 0x64491f7b11c0 (13 bytes)
1765505263.989959 sending message 112 to peer 0x64491f7b11c0 (13 bytes)
1765505263.989962 sending message 112 to peer 0x64491f7b11c0 (13 bytes)
1765505263.989965 sending message 112 to peer 0x64491f7b11c0 (13 bytes)
1765505263.989968 sending message 112 to peer 0x64491f7b11c0 (11 bytes)
1765505263.989971 sending message 112 to peer 0x64491f7b11c0 (12 bytes)
1765505263.989974 sending message 112 to peer 0x64491f7b11c0 (13 bytes)
1765505263.989977 sending message 112 to peer 0x64491f7b11c0 (13 bytes)
1765505263.989980 sending message 112 to peer 0x64491f7b11c0 (13 bytes)
1765505263.989984 sending message 112 to peer 0x64491f7b11c0 (13 bytes)
1765505263.989987 sending message 112 to peer 0x64491f7b11c0 (13 bytes)
1765505263.989990 sending message 112 to peer 0x64491f7b11c0 (11 bytes)
1765505263.989993 sending message 112 to peer 0x64491f7b11c0 (12 bytes)
1765505263.989996 sending message 112 to peer 0x64491f7b11c0 (12 bytes)
1765505263.989999 sending message 112 to peer 0x64491f7b11c0 (12 bytes)
1765505263.990002 sending message 112 to peer 0x64491f7b11c0 (12 bytes)
1765505263.990005 sending message 112 to peer 0x64491f7b11c0 (12 bytes)
1765505263.990008 sending message 112 to peer 0x64491f7b11c0 (21 bytes)
1765505263.990011 sending message 112 to peer 0x64491f7b11c0 (12 bytes)
1765505263.990015 sending message 112 to peer 0x64491f7b11c0 (9 bytes)
1765505263.990018 sending message 112 to peer 0x64491f7b11c0 (6 bytes)
1765505263.990021 sending message 112 to peer 0x64491f7b11c0 (8 bytes)
1765505263.990024 sending message 112 to peer 0x64491f7b11c0 (15 bytes)
1765505263.990027 sending message 112 to peer 0x64491f7b11c0 (13 bytes)
1765505263.990030 sending message 112 to peer 0x64491f7b11c0 (9 bytes)
1765505263.990033 sending message 112 to peer 0x64491f7b11c0 (70 bytes)
1765505263.990045 sending message 112 to peer 0x64491f7b11c0 (69 bytes)
1765505263.990054 sending message 112 to peer 0x64491f7b11c0 (10 bytes)
1765505263.990058 sending message 112 to peer 0x64491f7b11c0 (10 bytes)
1765505263.990061 sending message 112 to peer 0x64491f7b11c0 (8 bytes)
1765505263.990065 sending message 112 to peer 0x64491f7b11c0 (15 bytes)
1765505263.990068 sending message 112 to peer 0x64491f7b11c0 (13 bytes)
1765505263.990071 sending message 112 to peer 0x64491f7b11c0 (10 bytes)
1765505263.990074 sending message 112 to peer 0x64491f7b11c0 (10 bytes)
1765505263.990078 sending message 112 to peer 0x64491f7b11c0 (17 bytes)
1765505263.990081 sending message 112 to peer 0x64491f7b11c0 (10 bytes)
1765505263.990084 sending message 112 to peer 0x64491f7b11c0 (13 bytes)
1765505263.990087 sending message 112 to peer 0x64491f7b11c0 (9 bytes)
1765505263.990091 sending message 112 to peer 0x64491f7b11c0 (5 bytes)
1765505263.990095 sending message 112 to peer 0x64491f7b11c0 (15 bytes)
1765505263.990099 sending message 104 to peer 0x64491f7b11c0 (0 bytes)
1765505263.990103 sending message 110 to peer 0x64491f7b11c0 (0 bytes)
1765505263.990107 sending message 107 to peer 0x64491f7b11c0 (4 bytes)
1765505263.990110 sending message 105 to peer 0x64491f7b11c0 (39 bytes)
1765505263.990114 sending message 105 to peer 0x64491f7b11c0 (56 bytes)
1765505263.990118 sending message 105 to peer 0x64491f7b11c0 (29 bytes)
1765505263.990121 sending message 105 to peer 0x64491f7b11c0 (22 bytes)
1765505263.990124 sending message 105 to peer 0x64491f7b11c0 (20 bytes)
1765505263.990128 sending message 105 to peer 0x64491f7b11c0 (54 bytes)
1765505263.990132 sending message 105 to peer 0x64491f7b11c0 (23 bytes)
1765505263.990135 sending message 105 to peer 0x64491f7b11c0 (11 bytes)
1765505263.990138 sending message 105 to peer 0x64491f7b11c0 (18 bytes)
1765505263.990142 sending message 105 to peer 0x64491f7b11c0 (68 bytes)
1765505263.990145 sending message 105 to peer 0x64491f7b11c0 (36 bytes)
1765505263.990151 sending message 105 to peer 0x64491f7b11c0 (24 bytes)
1765505263.990155 sending message 105 to peer 0x64491f7b11c0 (33 bytes)
1765505263.990158 sending message 105 to peer 0x64491f7b11c0 (44 bytes)
1765505263.990162 sending message 105 to peer 0x64491f7b11c0 (32 bytes)
1765505263.990165 sending message 105 to peer 0x64491f7b11c0 (52 bytes)
1765505263.990168 sending message 105 to peer 0x64491f7b11c0 (20 bytes)
1765505263.990172 sending message 105 to peer 0x64491f7b11c0 (28 bytes)
1765505263.990175 sending message 105 to peer 0x64491f7b11c0 (15 bytes)
1765505263.990178 sending message 105 to peer 0x64491f7b11c0 (47 bytes)
1765505263.990182 sending message 105 to peer 0x64491f7b11c0 (23 bytes)
1765505263.990185 sending message 105 to peer 0x64491f7b11c0 (17 bytes)
1765505263.990189 sending message 105 to peer 0x64491f7b11c0 (23 bytes)
1765505263.990192 sending message 105 to peer 0x64491f7b11c0 (30 bytes)
1765505263.990195 sending message 105 to peer 0x64491f7b11c0 (27 bytes)
1765505263.990198 sending message 105 to peer 0x64491f7b11c0 (24 bytes)
1765505263.990201 sending message 105 to peer 0x64491f7b11c0 (20 bytes)
1765505263.990204 sending message 105 to peer 0x64491f7b11c0 (23 bytes)
1765505263.990207 sending message 105 to peer 0x64491f7b11c0 (21 bytes)
1765505263.990210 sending message 105 to peer 0x64491f7b11c0 (25 bytes)
1765505263.990214 sending message 105 to peer 0x64491f7b11c0 (20 bytes)
1765505263.990217 sending message 105 to peer 0x64491f7b11c0 (8 bytes)
1765505263.990220 sending message 105 to peer 0x64491f7b11c0 (12 bytes)
1765505263.990223 sending message 105 to peer 0x64491f7b11c0 (32 bytes)
1765505263.990227 sending message 105 to peer 0x64491f7b11c0 (1519 bytes)
1765505263.990260 sending message 105 to peer 0x64491f7b11c0 (16 bytes)
1765505263.990264 sending message 105 to peer 0x64491f7b11c0 (30 bytes)
1765505263.990268 sending message 105 to peer 0x64491f7b11c0 (11 bytes)
1765505263.990271 sending message 105 to peer 0x64491f7b11c0 (156 bytes)
1765505263.990275 sending message 105 to peer 0x64491f7b11c0 (27 bytes)
1765505263.990278 sending message 105 to peer 0x64491f7b11c0 (19 bytes)
1765505263.990281 sending message 105 to peer 0x64491f7b11c0 (19 bytes)
1765505263.990284 sending message 105 to peer 0x64491f7b11c0 (90 bytes)
1765505263.990287 sending message 105 to peer 0x64491f7b11c0 (19 bytes)
1765505263.990290 sending message 105 to peer 0x64491f7b11c0 (8 bytes)
1765505263.990294 sending message 105 to peer 0x64491f7b11c0 (33 bytes)
1765505263.990297 sending message 105 to peer 0x64491f7b11c0 (41 bytes)
1765505263.990300 sending message 105 to peer 0x64491f7b11c0 (22 bytes)
1765505263.990303 sending message 105 to peer 0x64491f7b11c0 (19 bytes)
1765505263.990306 sending message 105 to peer 0x64491f7b11c0 (18 bytes)
1765505263.990309 sending message 105 to peer 0x64491f7b11c0 (25 bytes)
1765505263.990312 sending message 105 to peer 0x64491f7b11c0 (36 bytes)
1765505263.990315 sending message 105 to peer 0x64491f7b11c0 (13 bytes)
1765505263.990318 sending message 105 to peer 0x64491f7b11c0 (57 bytes)
1765505263.990321 sending message 105 to peer 0x64491f7b11c0 (9 bytes)
1765505263.990325 sending message 105 to peer 0x64491f7b11c0 (13 bytes)
1765505263.990328 sending message 105 to peer 0x64491f7b11c0 (18 bytes)
1765505263.990331 sending message 105 to peer 0x64491f7b11c0 (13 bytes)
1765505263.990334 sending message 105 to peer 0x64491f7b11c0 (41 bytes)
1765505263.990337 sending message 105 to peer 0x64491f7b11c0 (45 bytes)
1765505263.990340 sending message 105 to peer 0x64491f7b11c0 (33 bytes)
1765505263.990343 sending message 105 to peer 0x64491f7b11c0 (102 bytes)
1765505263.990346 sending message 105 to peer 0x64491f7b11c0 (23 bytes)
1765505263.990350 sending message 105 to peer 0x64491f7b11c0 (31 bytes)
1765505263.990353 sending message 105 to peer 0x64491f7b11c0 (23 bytes)
1765505263.990356 sending message 105 to peer 0x64491f7b11c0 (27 bytes)
1765505263.990359 sending message 105 to peer 0x64491f7b11c0 (21 bytes)
1765505263.990362 sending message 105 to peer 0x64491f7b11c0 (21 bytes)
1765505263.990368 sending message 105 to peer 0x64491f7b11c0 (25 bytes)
1765505263.990371 sending message 105 to peer 0x64491f7b11c0 (22 bytes)
1765505263.990375 sending message 105 to peer 0x64491f7b11c0 (109 bytes)
1765505263.990378 sending message 105 to peer 0x64491f7b11c0 (65 bytes)
1765505263.990382 sending message 105 to peer 0x64491f7b11c0 (43 bytes)
1765505263.990385 sending message 106 to peer 0x64491f7b11c0 (0 bytes)
1765505263.990456 sending message 200 to peer 0x64491f7b11c0 (4 bytes)
1765505263.990460 client loop enter
1765505263.990896 peer 0x64491f7b11c0 message 303
1765505263.990902 open write file 2 -
1765505263.990913 sending message 305 to peer 0x64491f7b11c0 (8 bytes)
1765505263.990921 write check file 2
1765505263.990957 peer 0x64491f7b11c0 message 304
1765505263.990960 write 58 to file 2
1765505263.990963 peer 0x64491f7b11c0 message 203
1765505263.990966 file 2 58 bytes left
1765505263.990978 write check file 2
1765505263.990981 client loop exit
